<?xml version="1.0" encoding="UTF-8"?>
<testsuite xmlns:xsi="http://www.w3.org/2001/XMLSchema-instance" xsi:noNamespaceSchemaLocation="https://maven.apache.org/surefire/maven-surefire-plugin/xsd/surefire-test-report-3.0.xsd" version="3.0" name="com.r1.eligRules.RuleTest" time="5.86" tests="1" errors="0" skipped="0" failures="0">
  <properties>
    <property name="sun.desktop" value="gnome"/>
    <property name="awt.toolkit" value="sun.awt.X11.XToolkit"/>
    <property name="java.specification.version" value="11"/>
    <property name="sun.cpu.isalist" value=""/>
    <property name="sun.jnu.encoding" value="UTF-8"/>
    <property name="java.class.path" value="/home/osboxes/eclipse-workspace/eligRules/target/test-classes:/home/osboxes/eclipse-workspace/eligRules/target/classes:/home/osboxes/.m2/repository/org/drools/drools-engine-classic/7.47.0.Final/drools-engine-classic-7.47.0.Final.jar:/home/osboxes/.m2/repository/org/kie/kie-api/7.47.0.Final/kie-api-7.47.0.Final.jar:/home/osboxes/.m2/repository/org/kie/soup/kie-soup-maven-support/7.47.0.Final/kie-soup-maven-support-7.47.0.Final.jar:/home/osboxes/.m2/repository/org/kie/kie-internal/7.47.0.Final/kie-internal-7.47.0.Final.jar:/home/osboxes/.m2/repository/org/drools/drools-core/7.47.0.Final/drools-core-7.47.0.Final.jar:/home/osboxes/.m2/repository/org/kie/soup/kie-soup-xstream/7.47.0.Final/kie-soup-xstream-7.47.0.Final.jar:/home/osboxes/.m2/repository/org/drools/drools-core-reflective/7.47.0.Final/drools-core-reflective-7.47.0.Final.jar:/home/osboxes/.m2/repository/org/drools/drools-core-dynamic/7.47.0.Final/drools-core-dynamic-7.47.0.Final.jar:/home/osboxes/.m2/repository/commons-codec/commons-codec/1.11/commons-codec-1.11.jar:/home/osboxes/.m2/repository/org/drools/drools-compiler/7.47.0.Final/drools-compiler-7.47.0.Final.jar:/home/osboxes/.m2/repository/org/kie/kie-memory-compiler/7.47.0.Final/kie-memory-compiler-7.47.0.Final.jar:/home/osboxes/.m2/repository/org/antlr/antlr-runtime/3.5.2/antlr-runtime-3.5.2.jar:/home/osboxes/.m2/repository/com/thoughtworks/xstream/xstream/1.4.14/xstream-1.4.14.jar:/home/osboxes/.m2/repository/xmlpull/xmlpull/1.1.3.1/xmlpull-1.1.3.1.jar:/home/osboxes/.m2/repository/xpp3/xpp3_min/1.1.4c/xpp3_min-1.1.4c.jar:/home/osboxes/.m2/repository/org/drools/drools-mvel/7.47.0.Final/drools-mvel-7.47.0.Final.jar:/home/osboxes/.m2/repository/org/mvel/mvel2/2.4.10.Final/mvel2-2.4.10.Final.jar:/home/osboxes/.m2/repository/org/kie/soup/kie-soup-project-datamodel-commons/7.47.0.Final/kie-soup-project-datamodel-commons-7.47.0.Final.jar:/home/osboxes/.m2/repository/org/kie/soup/kie-soup-commons/7.47.0.Final/kie-soup-commons-7.47.0.Final.jar:/home/osboxes/.m2/repository/org/kie/soup/kie-soup-project-datamodel-api/7.47.0.Final/kie-soup-project-datamodel-api-7.47.0.Final.jar:/home/osboxes/.m2/repository/org/drools/drools-ecj/7.47.0.Final/drools-ecj-7.47.0.Final.jar:/home/osboxes/.m2/repository/junit/junit/4.13.1/junit-4.13.1.jar:/home/osboxes/.m2/repository/org/hamcrest/hamcrest-core/1.3/hamcrest-core-1.3.jar:/home/osboxes/.m2/repository/org/slf4j/slf4j-log4j12/1.7.26/slf4j-log4j12-1.7.26.jar:/home/osboxes/.m2/repository/org/slf4j/slf4j-api/1.7.26/slf4j-api-1.7.26.jar:/home/osboxes/.m2/repository/log4j/log4j/1.2.17/log4j-1.2.17.jar:"/>
    <property name="java.vm.vendor" value="Ubuntu"/>
    <property name="sun.arch.data.model" value="64"/>
    <property name="java.vendor.url" value="https://ubuntu.com/"/>
    <property name="user.timezone" value=""/>
    <property name="java.vm.specification.version" value="11"/>
    <property name="os.name" value="Linux"/>
    <property name="sun.java.launcher" value="SUN_STANDARD"/>
    <property name="user.country" value="US"/>
    <property name="sun.boot.library.path" value="/usr/lib/jvm/java-11-openjdk-amd64/lib"/>
    <property name="sun.java.command" value="/home/osboxes/eclipse-workspace/eligRules/target/surefire/surefirebooter16594075386752028228.jar /home/osboxes/eclipse-workspace/eligRules/target/surefire 2020-12-25T18-26-25_936-jvmRun1 surefire9883123132572100300tmp surefire_01019042928819934789tmp"/>
    <property name="jdk.debug" value="release"/>
    <property name="surefire.test.class.path" value="/home/osboxes/eclipse-workspace/eligRules/target/test-classes:/home/osboxes/eclipse-workspace/eligRules/target/classes:/home/osboxes/.m2/repository/org/drools/drools-engine-classic/7.47.0.Final/drools-engine-classic-7.47.0.Final.jar:/home/osboxes/.m2/repository/org/kie/kie-api/7.47.0.Final/kie-api-7.47.0.Final.jar:/home/osboxes/.m2/repository/org/kie/soup/kie-soup-maven-support/7.47.0.Final/kie-soup-maven-support-7.47.0.Final.jar:/home/osboxes/.m2/repository/org/kie/kie-internal/7.47.0.Final/kie-internal-7.47.0.Final.jar:/home/osboxes/.m2/repository/org/drools/drools-core/7.47.0.Final/drools-core-7.47.0.Final.jar:/home/osboxes/.m2/repository/org/kie/soup/kie-soup-xstream/7.47.0.Final/kie-soup-xstream-7.47.0.Final.jar:/home/osboxes/.m2/repository/org/drools/drools-core-reflective/7.47.0.Final/drools-core-reflective-7.47.0.Final.jar:/home/osboxes/.m2/repository/org/drools/drools-core-dynamic/7.47.0.Final/drools-core-dynamic-7.47.0.Final.jar:/home/osboxes/.m2/repository/commons-codec/commons-codec/1.11/commons-codec-1.11.jar:/home/osboxes/.m2/repository/org/drools/drools-compiler/7.47.0.Final/drools-compiler-7.47.0.Final.jar:/home/osboxes/.m2/repository/org/kie/kie-memory-compiler/7.47.0.Final/kie-memory-compiler-7.47.0.Final.jar:/home/osboxes/.m2/repository/org/antlr/antlr-runtime/3.5.2/antlr-runtime-3.5.2.jar:/home/osboxes/.m2/repository/com/thoughtworks/xstream/xstream/1.4.14/xstream-1.4.14.jar:/home/osboxes/.m2/repository/xmlpull/xmlpull/1.1.3.1/xmlpull-1.1.3.1.jar:/home/osboxes/.m2/repository/xpp3/xpp3_min/1.1.4c/xpp3_min-1.1.4c.jar:/home/osboxes/.m2/repository/org/drools/drools-mvel/7.47.0.Final/drools-mvel-7.47.0.Final.jar:/home/osboxes/.m2/repository/org/mvel/mvel2/2.4.10.Final/mvel2-2.4.10.Final.jar:/home/osboxes/.m2/repository/org/kie/soup/kie-soup-project-datamodel-commons/7.47.0.Final/kie-soup-project-datamodel-commons-7.47.0.Final.jar:/home/osboxes/.m2/repository/org/kie/soup/kie-soup-commons/7.47.0.Final/kie-soup-commons-7.47.0.Final.jar:/home/osboxes/.m2/repository/org/kie/soup/kie-soup-project-datamodel-api/7.47.0.Final/kie-soup-project-datamodel-api-7.47.0.Final.jar:/home/osboxes/.m2/repository/org/drools/drools-ecj/7.47.0.Final/drools-ecj-7.47.0.Final.jar:/home/osboxes/.m2/repository/junit/junit/4.13.1/junit-4.13.1.jar:/home/osboxes/.m2/repository/org/hamcrest/hamcrest-core/1.3/hamcrest-core-1.3.jar:/home/osboxes/.m2/repository/org/slf4j/slf4j-log4j12/1.7.26/slf4j-log4j12-1.7.26.jar:/home/osboxes/.m2/repository/org/slf4j/slf4j-api/1.7.26/slf4j-api-1.7.26.jar:/home/osboxes/.m2/repository/log4j/log4j/1.2.17/log4j-1.2.17.jar:"/>
    <property name="sun.cpu.endian" value="little"/>
    <property name="user.home" value="/home/osboxes"/>
    <property name="user.language" value="en"/>
    <property name="java.specification.vendor" value="Oracle Corporation"/>
    <property name="java.version.date" value="2020-04-14"/>
    <property name="java.home" value="/usr/lib/jvm/java-11-openjdk-amd64"/>
    <property name="file.separator" value="/"/>
    <property name="basedir" value="/home/osboxes/eclipse-workspace/eligRules"/>
    <property name="java.vm.compressedOopsMode" value="32-bit"/>
    <property name="line.separator" value="&#10;"/>
    <property name="java.specification.name" value="Java Platform API Specification"/>
    <property name="java.vm.specification.vendor" value="Oracle Corporation"/>
    <property name="java.awt.graphicsenv" value="sun.awt.X11GraphicsEnvironment"/>
    <property name="surefire.real.class.path" value="/home/osboxes/eclipse-workspace/eligRules/target/surefire/surefirebooter16594075386752028228.jar"/>
    <property name="sun.management.compiler" value="HotSpot 64-Bit Tiered Compilers"/>
    <property name="java.runtime.version" value="11.0.7+10-post-Ubuntu-3ubuntu1"/>
    <property name="user.name" value="osboxes"/>
    <property name="path.separator" value=":"/>
    <property name="os.version" value="5.4.0-26-generic"/>
    <property name="java.runtime.name" value="OpenJDK Runtime Environment"/>
    <property name="file.encoding" value="UTF-8"/>
    <property name="java.vm.name" value="OpenJDK 64-Bit Server VM"/>
    <property name="localRepository" value="/home/osboxes/.m2/repository"/>
    <property name="java.vendor.url.bug" value="https://bugs.launchpad.net/ubuntu/+source/openjdk-lts"/>
    <property name="java.io.tmpdir" value="/tmp"/>
    <property name="java.version" value="11.0.7"/>
    <property name="user.dir" value="/home/osboxes/eclipse-workspace/eligRules"/>
    <property name="os.arch" value="amd64"/>
    <property name="java.vm.specification.name" value="Java Virtual Machine Specification"/>
    <property name="java.awt.printerjob" value="sun.print.PSPrinterJob"/>
    <property name="sun.os.patch.level" value="unknown"/>
    <property name="java.library.path" value="/usr/java/packages/lib:/usr/lib/x86_64-linux-gnu/jni:/lib/x86_64-linux-gnu:/usr/lib/x86_64-linux-gnu:/usr/lib/jni:/lib:/usr/lib"/>
    <property name="java.vendor" value="Ubuntu"/>
    <property name="java.vm.info" value="mixed mode, sharing"/>
    <property name="java.vm.version" value="11.0.7+10-post-Ubuntu-3ubuntu1"/>
    <property name="sun.io.unicode.encoding" value="UnicodeLittle"/>
    <property name="java.class.version" value="55.0"/>
  </properties>
  <testcase name="test" classname="com.r1.eligRules.RuleTest" time="5.442">
    <system-out><![CDATA[2020-12-25 18:26:29,549 INFO  [org.drools.compiler.kie.builder.impl.ClasspathKieProject] (main) Found kmodule: file:/home/osboxes/eclipse-workspace/eligRules/target/classes/META-INF/kmodule.xml
2020-12-25 18:26:30,560 WARN  [org.drools.compiler.kie.builder.impl.ClasspathKieProject] (main) Unable to find pom.properties in /home/osboxes/eclipse-workspace/eligRules/target/classes
2020-12-25 18:26:30,576 INFO  [org.drools.compiler.kie.builder.impl.ClasspathKieProject] (main) Recursed up folders, found and used pom.xml /home/osboxes/eclipse-workspace/eligRules/pom.xml
2020-12-25 18:26:30,619 WARN  [org.drools.compiler.kie.builder.impl.KieBuilderImpl] (main) File 'org/example/rules.drl' is in folder 'org/example' but declares package 'com.r1.eligRules'. It is advised to have a correspondance between package and folder names.
2020-12-25 18:26:33,297 INFO  [com.r1.eligRules.RuleTest] (main) Creating kieBase
2020-12-25 18:26:33,436 INFO  [com.r1.eligRules.RuleTest] (main) There should be rules: 
2020-12-25 18:26:33,436 INFO  [com.r1.eligRules.RuleTest] (main) kp [Package name=com.r1.eligRules] rule will execute per each Measurement having ID color
2020-12-25 18:26:33,437 INFO  [com.r1.eligRules.RuleTest] (main) Creating kieSession
2020-12-25 18:26:33,606 INFO  [com.r1.eligRules.RuleTest] (main) Populating globals
2020-12-25 18:26:33,606 INFO  [com.r1.eligRules.RuleTest] (main) Now running data
2020-12-25 18:26:33,761 INFO  [com.r1.eligRules.RuleTest] (main) Final checks
]]></system-out>
  </testcase>
</testsuite>